
> lumini-app@0.0.0 build
> vite build

[36mvite v7.3.1 [32mbuilding client environment for production...[36m[39m
transforming...
[32m??[39m 23 modules transformed.
node.exe : [31m??[39m Build
 failed in 438ms
위치 줄:1 문자:1
+ & "C:\Program Files\nodejs
/node.exe" "C:\Program Files
\nodejs/node_mo ...
+ ~~~~~~~~~~~~~~~~~~~~~~~~~~
~~~~~~~~~~~~~~~~~~~~~~~~~~~~
~~~~~~~~~~~~~~~
    + CategoryInfo          
    : NotSpecifi    ed: ([3
1m??[39m B    uild failed in
 438    ms:String) [], Rem  
  oteException
    + FullyQualifiedEr    ro
rId : NativeComm    andError
 
[31merror during build:
[31mCould not resolve "./li
b/supabaseClient" from "src/
App.jsx"[31m
file: [36mC:/Users/kaesa/?덊
떚洹몃옒鍮꾪떚/lumini-app/src/App.j
sx[31m
    at getRollupError (file:
///C:/Users/kaesa/%EC%95%88%
ED%8B%B0%EA%B7%B8%EB%9E%98%E
B%B9%84%ED%8B%B0/lumini-app/
node_modules/rollup/dist/es/
shared/parseAst.js:402:41)
    at error (file:///C:/Use
rs/kaesa/%EC%95%88%ED%8B%B0%
EA%B7%B8%EB%9E%98%EB%B9%84%E
D%8B%B0/lumini-app/node_modu
les/rollup/dist/es/shared/pa
rseAst.js:398:42)
    at ModuleLoader.handleIn
validResolvedId (file:///C:/
Users/kaesa/%EC%95%88%ED%8B%
B0%EA%B7%B8%EB%9E%98%EB%B9%8
4%ED%8B%B0/lumini-app/node_m
odules/rollup/dist/es/shared
/node-entry.js:21687:24)
    at file:///C:/Users/kaes
a/%EC%95%88%ED%8B%B0%EA%B7%B
8%EB%9E%98%EB%B9%84%ED%8B%B0
/lumini-app/node_modules/rol
lup/dist/es/shared/node-entr
y.js:21647:26[39m
